c:\users\nelson\desktop\0151124257_谭智仁\0151124257_tanzhiren\0151124257_tanzhiren\debug\0151124257_tanzhiren.pch
c:\users\nelson\desktop\0151124257_谭智仁\0151124257_tanzhiren\0151124257_tanzhiren\debug\vc120.pdb
c:\users\nelson\desktop\0151124257_谭智仁\0151124257_tanzhiren\0151124257_tanzhiren\debug\vc120.idb
c:\users\nelson\desktop\0151124257_谭智仁\0151124257_tanzhiren\0151124257_tanzhiren\debug\stdafx.obj
c:\users\nelson\desktop\0151124257_谭智仁\0151124257_tanzhiren\0151124257_tanzhiren\debug\cvvimage.obj
c:\users\nelson\desktop\0151124257_谭智仁\0151124257_tanzhiren\0151124257_tanzhiren\debug\0151124257_tanzhiren.obj
c:\users\nelson\desktop\0151124257_谭智仁\0151124257_tanzhiren\0151124257_tanzhiren\debug\0151124257_tanzhirendlg.obj
c:\users\nelson\desktop\0151124257_谭智仁\0151124257_tanzhiren\0151124257_tanzhiren\debug\photo.obj
c:\users\nelson\desktop\0151124257_谭智仁\0151124257_tanzhiren\0151124257_tanzhiren\debug\voice.obj
c:\users\nelson\desktop\0151124257_谭智仁\0151124257_tanzhiren\0151124257_tanzhiren\debug\0151124257_tanzhiren.res
c:\users\nelson\desktop\0151124257_谭智仁\0151124257_tanzhiren\debug\0151124257_tanzhiren.exe
c:\users\nelson\desktop\0151124257_谭智仁\0151124257_tanzhiren\0151124257_tanzhiren\debug\01511242.025a52e2.tlog\cl.command.1.tlog
c:\users\nelson\desktop\0151124257_谭智仁\0151124257_tanzhiren\0151124257_tanzhiren\debug\01511242.025a52e2.tlog\cl.read.1.tlog
c:\users\nelson\desktop\0151124257_谭智仁\0151124257_tanzhiren\0151124257_tanzhiren\debug\01511242.025a52e2.tlog\cl.write.1.tlog
c:\users\nelson\desktop\0151124257_谭智仁\0151124257_tanzhiren\0151124257_tanzhiren\debug\01511242.025a52e2.tlog\link.command.1.tlog
c:\users\nelson\desktop\0151124257_谭智仁\0151124257_tanzhiren\0151124257_tanzhiren\debug\01511242.025a52e2.tlog\link.read.1.tlog
c:\users\nelson\desktop\0151124257_谭智仁\0151124257_tanzhiren\0151124257_tanzhiren\debug\01511242.025a52e2.tlog\link.write.1.tlog
c:\users\nelson\desktop\0151124257_谭智仁\0151124257_tanzhiren\0151124257_tanzhiren\debug\01511242.025a52e2.tlog\rc.command.1.tlog
c:\users\nelson\desktop\0151124257_谭智仁\0151124257_tanzhiren\0151124257_tanzhiren\debug\01511242.025a52e2.tlog\rc.read.1.tlog
c:\users\nelson\desktop\0151124257_谭智仁\0151124257_tanzhiren\0151124257_tanzhiren\debug\01511242.025a52e2.tlog\rc.write.1.tlog
